Start: ./experiment.out 3 1 1 10
Start: ./experiment.out 3 1 1 15
Start: ./experiment.out 3 1 1 20
Start: ./experiment.out 3 1 2 10
Start: ./experiment.out 3 1 2 15
Start: ./experiment.out 3 1 1 10
Start: ./experiment.out 3 1 1 15
Start: ./experiment.out 3 1 1 20
Start: ./experiment.out 3 1 2 10
Start: ./experiment.out 3 1 2 15
Finish: ./experiment.out 3 1 1 10
Start: ./experiment.out 3 1 2 20
Finish: ./experiment.out 3 1 2 10
Start: ./experiment.out 3 1 3 10
Finish: ./experiment.out 3 1 1 10
Start: ./experiment.out 3 1 2 20
Finish: ./experiment.out 3 1 2 10
Start: ./experiment.out 3 1 3 10
Finish: ./experiment.out 3 1 1 15
Start: ./experiment.out 3 1 3 15
Finish: ./experiment.out 3 1 2 15
Start: ./experiment.out 3 1 3 20
Finish: ./experiment.out 3 1 1 15
Start: ./experiment.out 3 1 3 15
Finish: ./experiment.out 3 1 2 15
Start: ./experiment.out 3 1 3 20
Finish: ./experiment.out 3 1 3 10
Start: ./experiment.out 3 2 1 10
Finish: ./experiment.out 3 1 3 10
Start: ./experiment.out 3 2 1 10
Finish: ./experiment.out 3 1 1 20
Start: ./experiment.out 3 2 1 15
Finish: ./experiment.out 3 1 1 20
Start: ./experiment.out 3 2 1 15
Finish: ./experiment.out 3 1 3 15
Start: ./experiment.out 3 2 1 20
Finish: ./experiment.out 3 1 3 15
Start: ./experiment.out 3 2 1 20
Finish: ./experiment.out 3 2 1 10
Start: ./experiment.out 3 2 2 10
Finish: ./experiment.out 3 2 1 10
Start: ./experiment.out 3 2 2 10
Finish: ./experiment.out 3 1 2 20
Start: ./experiment.out 3 2 2 15
Finish: ./experiment.out 3 1 2 20
Start: ./experiment.out 3 2 2 15
Finish: ./experiment.out 3 2 1 15
Start: ./experiment.out 3 2 2 20
Finish: ./experiment.out 3 2 1 15
Start: ./experiment.out 3 2 2 20
Finish: ./experiment.out 3 1 3 20
Start: ./experiment.out 3 2 3 10
Finish: ./experiment.out 3 1 3 20
Start: ./experiment.out 3 2 3 10
Finish: ./experiment.out 3 2 2 10
Start: ./experiment.out 3 2 3 15
Finish: ./experiment.out 3 2 2 10
Start: ./experiment.out 3 2 3 15
Finish: ./experiment.out 3 2 2 15
Start: ./experiment.out 3 2 3 20
Finish: ./experiment.out 3 2 2 15
Start: ./experiment.out 3 2 3 20
Finish: ./experiment.out 3 2 3 10
Start: ./experiment.out 3 3 1 10
Finish: ./experiment.out 3 2 3 10
Start: ./experiment.out 3 3 1 10
Finish: ./experiment.out 3 2 1 20
Start: ./experiment.out 3 3 1 15
Finish: ./experiment.out 3 2 1 20
Start: ./experiment.out 3 3 1 15
Finish: ./experiment.out 3 2 3 15
Start: ./experiment.out 3 3 1 20
Finish: ./experiment.out 3 2 3 15
Start: ./experiment.out 3 3 1 20
Finish: ./experiment.out 3 3 1 10
Start: ./experiment.out 3 3 2 10
Finish: ./experiment.out 3 3 1 10
Start: ./experiment.out 3 3 2 10
Finish: ./experiment.out 3 2 2 20
Start: ./experiment.out 3 3 2 15
Finish: ./experiment.out 3 2 2 20
Start: ./experiment.out 3 3 2 15
Finish: ./experiment.out 3 3 1 15
Start: ./experiment.out 3 3 2 20
Finish: ./experiment.out 3 3 1 15
Start: ./experiment.out 3 3 2 20
Finish: ./experiment.out 3 3 2 10
Start: ./experiment.out 3 3 3 10
Finish: ./experiment.out 3 3 2 10
Start: ./experiment.out 3 3 3 10
Finish: ./experiment.out 3 2 3 20
Start: ./experiment.out 3 3 3 15
Finish: ./experiment.out 3 2 3 20
Start: ./experiment.out 3 3 3 15
Finish: ./experiment.out 3 3 2 15
Start: ./experiment.out 3 3 3 20
Finish: ./experiment.out 3 3 2 15
Start: ./experiment.out 3 3 3 20
Finish: ./experiment.out 3 3 1 20
Finish: ./experiment.out 3 3 1 20
Finish: ./experiment.out 3 3 3 10
Finish: ./experiment.out 3 3 3 10
Finish: ./experiment.out 3 3 3 15
Finish: ./experiment.out 3 3 3 15
Finish: ./experiment.out 3 3 2 20
Finish: ./experiment.out 3 3 2 20
Finish: ./experiment.out 3 3 3 20
Finish: ./experiment.out 3 3 3 20
Start: ./experiment.out 3 1 1 10
Start: ./experiment.out 3 1 1 15
Start: ./experiment.out 3 1 1 20
Start: ./experiment.out 3 1 2 10
Start: ./experiment.out 3 1 2 15
Terminated
Finish: ./experiment.out 3 1 2 15
Start: ./experiment.out 3 1 2 20
Terminated
Finish: ./experiment.out 3 1 2 10
Start: ./experiment.out 3 1 3 10
Terminated
Terminated
Finish: ./experiment.out 3 1 1 10
Terminated
Finish: ./experiment.out 3 1 1 15
Terminated
Finish: ./experiment.out 3 1 1 20
Terminated
Finish: ./experiment.out 3 1 2 20
Terminated
Finish: ./experiment.out 3 1 3 10
Start: ./experiment.out 3 1 1 10
Start: ./experiment.out 3 1 1 15
Start: ./experiment.out 3 1 1 20
Start: ./experiment.out 3 1 2 10
Start: ./experiment.out 3 1 2 15
Finish: ./experiment.out 3 1 2 10
Start: ./experiment.out 3 1 2 20
Finish: ./experiment.out 3 1 1 10
Start: ./experiment.out 3 1 3 10
Finish: ./experiment.out 3 1 2 15
Start: ./experiment.out 3 1 3 15
Finish: ./experiment.out 3 1 1 15
Start: ./experiment.out 3 1 3 20
Finish: ./experiment.out 3 1 3 10
Start: ./experiment.out 3 2 1 10
Finish: ./experiment.out 3 1 1 20
Start: ./experiment.out 3 2 1 15
Finish: ./experiment.out 3 1 3 15
Start: ./experiment.out 3 2 1 20
Finish: ./experiment.out 3 2 1 10
Start: ./experiment.out 3 2 2 10
Finish: ./experiment.out 3 1 2 20
Start: ./experiment.out 3 2 2 15
Finish: ./experiment.out 3 2 1 15
Start: ./experiment.out 3 2 2 20
Finish: ./experiment.out 3 1 3 20
Start: ./experiment.out 3 2 3 10
Finish: ./experiment.out 3 2 2 10
Start: ./experiment.out 3 2 3 15
Finish: ./experiment.out 3 2 2 15
Start: ./experiment.out 3 2 3 20
Finish: ./experiment.out 3 2 3 10
Start: ./experiment.out 3 3 1 10
Finish: ./experiment.out 3 2 1 20
Start: ./experiment.out 3 3 1 15
Finish: ./experiment.out 3 2 3 15
Start: ./experiment.out 3 3 1 20
Finish: ./experiment.out 3 3 1 10
Start: ./experiment.out 3 3 2 10
Finish: ./experiment.out 3 2 2 20
Start: ./experiment.out 3 3 2 15
Finish: ./experiment.out 3 3 1 15
Start: ./experiment.out 3 3 2 20
Finish: ./experiment.out 3 3 2 10
Start: ./experiment.out 3 3 3 10
Finish: ./experiment.out 3 2 3 20
Start: ./experiment.out 3 3 3 15
Finish: ./experiment.out 3 3 2 15
Start: ./experiment.out 3 3 3 20
Finish: ./experiment.out 3 3 1 20
Finish: ./experiment.out 3 3 3 10
Finish: ./experiment.out 3 3 3 15
Finish: ./experiment.out 3 3 2 20
Finish: ./experiment.out 3 3 3 20
Start: ./exp_error.out 67 1 1  10
Finish: ./exp_error.out 67 1 1  10
Start: ./exp_error.out 67 1 1  10
Finish: ./exp_error.out 67 1 1  10
Start: ./exp_error.out 67 1 1  10
Finish: ./exp_error.out 67 1 1  10
Start: ./exp_error.out 67 1 1  10
Start: ./exp_error.out 67 1 1  15
Start: ./exp_error.out 67 1 1  20
Start: ./exp_error.out 67 1 2  10
Start: ./exp_error.out 67 1 2  15
Finish: ./exp_error.out 67 1 2  10
Start: ./exp_error.out 67 1 2  20
Finish: ./exp_error.out 67 1 1  10
Start: ./exp_error.out 67 1 3  10
Finish: ./exp_error.out 67 1 2  15
Start: ./exp_error.out 67 1 3  15
Finish: ./exp_error.out 67 1 1  15
Start: ./exp_error.out 67 1 3  20
Finish: ./exp_error.out 67 1 3  10
Start: ./exp_error.out 67 2 1  10
Finish: ./exp_error.out 67 1 1  20
Start: ./exp_error.out 67 2 1  15
Finish: ./exp_error.out 67 1 3  15
Start: ./exp_error.out 67 2 1  20
Finish: ./exp_error.out 67 2 1  10
Start: ./exp_error.out 67 2 2  10
Finish: ./exp_error.out 67 1 2  20
Start: ./exp_error.out 67 2 2  15
Finish: ./exp_error.out 67 2 1  15
Start: ./exp_error.out 67 2 2  20
Finish: ./exp_error.out 67 1 3  20
Start: ./exp_error.out 67 2 3  10
Finish: ./exp_error.out 67 2 2  10
Start: ./exp_error.out 67 2 3  15
Finish: ./exp_error.out 67 2 2  15
Start: ./exp_error.out 67 2 3  20
Finish: ./exp_error.out 67 2 3  10
Start: ./exp_error.out 67 3 1  10
Finish: ./exp_error.out 67 2 1  20
Start: ./exp_error.out 67 3 1  15
Finish: ./exp_error.out 67 2 3  15
Start: ./exp_error.out 67 3 1  20
Finish: ./exp_error.out 67 3 1  10
Start: ./exp_error.out 67 3 2  10
Finish: ./exp_error.out 67 2 2  20
Start: ./exp_error.out 67 3 2  15
Finish: ./exp_error.out 67 3 1  15
Start: ./exp_error.out 67 3 2  20
Finish: ./exp_error.out 67 3 2  10
Start: ./exp_error.out 67 3 3  10
Finish: ./exp_error.out 67 2 3  20
Start: ./exp_error.out 67 3 3  15
Finish: ./exp_error.out 67 3 2  15
Start: ./exp_error.out 67 3 3  20
Finish: ./exp_error.out 67 3 3  10
Finish: ./exp_error.out 67 3 1  20
Finish: ./exp_error.out 67 3 2  20
Finish: ./exp_error.out 67 3 3  15
Finish: ./exp_error.out 67 3 3  20
Start: ./exp_error.out 67 1 1  10
Start: ./exp_error.out 67 1 1  15
Start: ./exp_error.out 67 1 1  20
Start: ./exp_error.out 67 1 2  10
Start: ./exp_error.out 67 1 2  15
Finish: ./exp_error.out 67 1 1  10
Start: ./exp_error.out 67 1 2  20
Finish: ./exp_error.out 67 1 2  10
Start: ./exp_error.out 67 1 3  10
Finish: ./exp_error.out 67 1 1  15
Start: ./exp_error.out 67 1 3  15
Finish: ./exp_error.out 67 1 2  15
Start: ./exp_error.out 67 1 3  20
Finish: ./exp_error.out 67 1 3  10
Start: ./exp_error.out 67 2 1  10
Finish: ./exp_error.out 67 1 3  15
Start: ./exp_error.out 67 2 1  15
Finish: ./exp_error.out 67 1 1  20
Start: ./exp_error.out 67 2 1  20
Finish: ./exp_error.out 67 2 1  10
Start: ./exp_error.out 67 2 2  10
Finish: ./exp_error.out 67 2 1  15
Start: ./exp_error.out 67 2 2  15
Finish: ./exp_error.out 67 2 2  10
Start: ./exp_error.out 67 2 2  20
Finish: ./exp_error.out 67 1 2  20
Start: ./exp_error.out 67 2 3  10
Finish: ./exp_error.out 67 1 3  20
Start: ./exp_error.out 67 2 3  15
Finish: ./exp_error.out 67 2 3  10
Start: ./exp_error.out 67 2 3  20
Finish: ./exp_error.out 67 2 2  15
Start: ./exp_error.out 67 3 1  10
Finish: ./exp_error.out 67 2 3  15
Start: ./exp_error.out 67 3 1  15
Finish: ./exp_error.out 67 2 1  20
Start: ./exp_error.out 67 3 1  20
Finish: ./exp_error.out 67 3 1  10
Start: ./exp_error.out 67 3 2  10
Finish: ./exp_error.out 67 2 2  20
Start: ./exp_error.out 67 3 2  15
Finish: ./exp_error.out 67 3 1  15
Start: ./exp_error.out 67 3 2  20
Finish: ./exp_error.out 67 3 2  10
Start: ./exp_error.out 67 3 3  10
Finish: ./exp_error.out 67 2 3  20
Start: ./exp_error.out 67 3 3  15
Finish: ./exp_error.out 67 3 3  10
Start: ./exp_error.out 67 3 3  20
Finish: ./exp_error.out 67 3 2  15
Finish: ./exp_error.out 67 3 1  20
Finish: ./exp_error.out 67 3 3  15
Finish: ./exp_error.out 67 3 2  20
Finish: ./exp_error.out 67 3 3  20
